<?xml version="1.0" encoding="UTF-8"?>
<!-- Generated by org.testng.reporters.JUnitReportReporter -->
<testsuite hostname="LAPTOP-BTNBEV44" failures="0" tests="1" name="dataprovider.Data" time="0.000" errors="0" timestamp="2021-04-19T17:32:45 IST" skipped="1">
  <testcase classname="dataprovider.Data" name="test" time="0.000">
    <skipped/>
  </testcase> <!-- test -->
  <system-out/>
</testsuite> <!-- dataprovider.Data -->
